{"/Users/bfeuling/Desktop/all/GitRepo/public/demo-apps/javascript/main.js": {"path":"/Users/bfeuling/Desktop/all/GitRepo/public/demo-apps/javascript/main.js","statementMap":{"0":{"start":{"line":1,"column":12},"end":{"line":11,"column":1}},"1":{"start":{"line":2,"column":24},"end":{"line":2,"column":37}},"2":{"start":{"line":4,"column":29},"end":{"line":4,"column":42}},"3":{"start":{"line":6,"column":29},"end":{"line":6,"column":42}},"4":{"start":{"line":8,"column":27},"end":{"line":8,"column":40}},"5":{"start":{"line":10,"column":27},"end":{"line":10,"column":40}},"6":{"start":{"line":13,"column":0},"end":{"line":13,"column":20}}},"fnMap":{"0":{"name":"(anonymous_0)","decl":{"start":{"line":2,"column":9},"end":{"line":2,"column":10}},"loc":{"start":{"line":2,"column":23},"end":{"line":2,"column":38}},"line":2},"1":{"name":"(anonymous_1)","decl":{"start":{"line":4,"column":14},"end":{"line":4,"column":15}},"loc":{"start":{"line":4,"column":28},"end":{"line":4,"column":43}},"line":4},"2":{"name":"(anonymous_2)","decl":{"start":{"line":6,"column":14},"end":{"line":6,"column":15}},"loc":{"start":{"line":6,"column":28},"end":{"line":6,"column":43}},"line":6},"3":{"name":"(anonymous_3)","decl":{"start":{"line":8,"column":12},"end":{"line":8,"column":13}},"loc":{"start":{"line":8,"column":26},"end":{"line":8,"column":41}},"line":8},"4":{"name":"(anonymous_4)","decl":{"start":{"line":10,"column":12},"end":{"line":10,"column":13}},"loc":{"start":{"line":10,"column":26},"end":{"line":10,"column":41}},"line":10}},"branchMap":{},"s":{"0":1,"1":1,"2":1,"3":1,"4":1,"5":1,"6":1},"f":{"0":1,"1":1,"2":1,"3":1,"4":1},"b":{},"_coverageSchema":"1a1c01bbd47fc00a2c39e90264f33305004495a9","hash":"e7aa4318da1769e59d256ae08a861901521d8ccb"}
}
